[34m<debug> [xutils] Debug message with char argument: test string[0m
[31m<error> [xutils] Error message with int argument: 69[0m
[34m2022.12.23-02:51:14.61 <debug> [xutils] Debug message in the file with int argument: 69[0m
2022.12.23-02:51:14.61         [xutils] Message without tag and with int argument: 69[0m
2022.12.23-02:51:14.61         [xutils] just another simple message[0m
[34m2022.12.23-02:51:14.61 <debug> [xutils] just another debug message[0m
[36m2022.12.23-02:51:14.61 <trace> [xutils] [xlog.c:87] just another trace message[0m
[31m2022.12.23-02:51:14.61 <error> [xutils] Message from failed try[0m
[34m<debug> [xutils] Debug message with char argument: test string[0m
[31m<error> [xutils] Error message with int argument: 69[0m
[34m2022.12.23-02:51:52.92 <debug> [xutils] Debug message in the file with int argument: 69[0m
2022.12.23-02:51:52.92         [xutils] Message without tag and with int argument: 69[0m
2022.12.23-02:51:52.92         [xutils] just another simple message[0m
[34m2022.12.23-02:51:52.92 <debug> [xutils] just another debug message[0m
[36m2022.12.23-02:51:52.92 <trace> [xutils] [xlog.c:87] just another trace message[0m
[31m2022.12.23-02:51:52.92 <error> [xutils] Message from failed try: kvici[0m
[34m<debug> [xutils] Debug message with char argument: test string[0m
[31m<error> [xutils] Error message with int argument: 69[0m
[34m2022.12.23-02:52:13.99 <debug> [xutils] Debug message in the file with int argument: 69[0m
2022.12.23-02:52:13.99         [xutils] Message without tag and with int argument: 69[0m
2022.12.23-02:52:13.99         [xutils] just another simple message[0m
[34m2022.12.23-02:52:13.99 <debug> [xutils] just another debug message[0m
[36m2022.12.23-02:52:13.99 <trace> [xutils] [xlog.c:87] just another trace message[0m
[31m2022.12.23-02:52:13.99 <error> [xutils] Message from failed try: kvici[0m
[34m<debug> [xutils] Debug message with char argument: test string[0m
[31m<error> [xutils] Error message with int argument: 69[0m
[34m2022.12.23-02:52:18.54 <debug> [xutils] Debug message in the file with int argument: 69[0m
2022.12.23-02:52:18.54         [xutils] Message without tag and with int argument: 69[0m
2022.12.23-02:52:18.54         [xutils] just another simple message[0m
[34m2022.12.23-02:52:18.54 <debug> [xutils] just another debug message[0m
[36m2022.12.23-02:52:18.54 <trace> [xutils] [xlog.c:87] just another trace message[0m
[31m2022.12.23-02:52:18.54 <error> [xutils] [0m
[34m<debug> [xutils] Debug message with char argument: test string[0m
[31m<error> [xutils] Error message with int argument: 69[0m
[34m2022.12.23-02:52:39.50 <debug> [xutils] Debug message in the file with int argument: 69[0m
2022.12.23-02:52:39.50         [xutils] Message without tag and with int argument: 69[0m
2022.12.23-02:52:39.50         [xutils] just another simple message[0m
[34m2022.12.23-02:52:39.50 <debug> [xutils] just another debug message[0m
[36m2022.12.23-02:52:39.50 <trace> [xutils] [xlog.c:87] just another trace message[0m
[31m2022.12.23-02:52:39.50 <error> [xutils] 𒟭[0m
[34m<debug> [xutils] Debug message with char argument: test string[0m
[31m<error> [xutils] Error message with int argument: 69[0m
[34m2022.12.23-02:52:57.75 <debug> [xutils] Debug message in the file with int argument: 69[0m
2022.12.23-02:52:57.75         [xutils] Message without tag and with int argument: 69[0m
2022.12.23-02:52:57.75         [xutils] just another simple message[0m
[34m2022.12.23-02:52:57.75 <debug> [xutils] just another debug message[0m
[36m2022.12.23-02:52:57.75 <trace> [xutils] [xlog.c:87] just another trace message[0m
[34m<debug> [xutils] Debug message with char argument: test string[0m
[31m<error> [xutils] Error message with int argument: 69[0m
[34m2022.12.23-02:52:59.24 <debug> [xutils] Debug message in the file with int argument: 69[0m
2022.12.23-02:52:59.24         [xutils] Message without tag and with int argument: 69[0m
2022.12.23-02:52:59.24         [xutils] just another simple message[0m
[34m2022.12.23-02:52:59.24 <debug> [xutils] just another debug message[0m
[36m2022.12.23-02:52:59.24 <trace> [xutils] [xlog.c:87] just another trace message[0m
[34m<debug> [xutils] Debug message with char argument: test string[0m
[31m<error> [xutils] Error message with int argument: 69[0m
[34m2022.12.23-02:53:01.07 <debug> [xutils] Debug message in the file with int argument: 69[0m
2022.12.23-02:53:01.07         [xutils] Message without tag and with int argument: 69[0m
2022.12.23-02:53:01.07         [xutils] just another simple message[0m
[34m2022.12.23-02:53:01.07 <debug> [xutils] just another debug message[0m
[36m2022.12.23-02:53:01.07 <trace> [xutils] [xlog.c:87] just another trace message[0m
[34m<debug> [xutils] Debug message with char argument: test string[0m
[31m<error> [xutils] Error message with int argument: 69[0m
[34m2022.12.23-02:53:02.00 <debug> [xutils] Debug message in the file with int argument: 69[0m
2022.12.23-02:53:02.00         [xutils] Message without tag and with int argument: 69[0m
2022.12.23-02:53:02.00         [xutils] just another simple message[0m
[34m2022.12.23-02:53:02.00 <debug> [xutils] just another debug message[0m
[36m2022.12.23-02:53:02.00 <trace> [xutils] [xlog.c:87] just another trace message[0m
[34m<debug> [xutils] Debug message with char argument: test string[0m
[31m<error> [xutils] Error message with int argument: 69[0m
[34m2022.12.23-02:53:11.72 <debug> [xutils] Debug message in the file with int argument: 69[0m
2022.12.23-02:53:11.72         [xutils] Message without tag and with int argument: 69[0m
2022.12.23-02:53:11.72         [xutils] just another simple message[0m
[34m2022.12.23-02:53:11.72 <debug> [xutils] just another debug message[0m
[36m2022.12.23-02:53:11.72 <trace> [xutils] [xlog.c:87] just another trace message[0m
[31m2022.12.23-02:53:11.72 <error> [xutils] sdfg[0m
[34m<debug> [xutils] Debug message with char argument: test string[0m
[31m<error> [xutils] Error message with int argument: 69[0m
[34m2022.12.23-02:57:03.43 <debug> [xutils] Debug message in the file with int argument: 69[0m
2022.12.23-02:57:03.43         [xutils] Message without tag and with int argument: 69[0m
2022.12.23-02:57:03.43         [xutils] just another simple message[0m
[34m2022.12.23-02:57:03.43 <debug> [xutils] just another debug message[0m
[36m2022.12.23-02:57:03.43 <trace> [xutils] [xlog.c:87] just another trace message[0m
[33m2022.12.23-02:57:03.43 <warn>  [xutils] sdfg[0m
[34m<debug> [xutils] Debug message with char argument: test string[0m
[31m<error> [xutils] Error message with int argument: 69[0m
[34m2022.12.23-02:57:16.09 <debug> [xutils] Debug message in the file with int argument: 69[0m
2022.12.23-02:57:16.09         [xutils] Message without tag and with int argument: 69[0m
2022.12.23-02:57:16.09         [xutils] just another simple message[0m
[34m2022.12.23-02:57:16.09 <debug> [xutils] just another debug message[0m
[36m2022.12.23-02:57:16.09 <trace> [xutils] [xlog.c:87] just another trace message[0m
[31m2022.12.23-02:57:16.09 <error> [xutils] [xlog.c:91] Message from failed assert[0m
[34m<debug> [xutils] Debug message with char argument: test string[0m
[31m<error> [xutils] Error message with int argument: 69[0m
[34m2022.12.23-02:57:54.57 <debug> [xutils] Debug message in the file with int argument: 69[0m
2022.12.23-02:57:54.57         [xutils] Message without tag and with int argument: 69[0m
2022.12.23-02:57:54.57         [xutils] just another simple message[0m
[34m2022.12.23-02:57:54.57 <debug> [xutils] just another debug message[0m
[36m2022.12.23-02:57:54.57 <trace> [xutils] [xlog.c:87] just another trace message[0m
[31m2022.12.23-02:57:54.57 <error> [xutils] [xlog.c:91] Message from failed assert[0m
[34m<debug> [xutils] Debug message with char argument: test string[0m
[31m<error> [xutils] Error message with int argument: 69[0m
[34m2022.12.23-02:58:24.16 <debug> [xutils] Debug message in the file with int argument: 69[0m
2022.12.23-02:58:24.17         [xutils] Message without tag and with int argument: 69[0m
2022.12.23-02:58:24.17         [xutils] just another simple message[0m
[34m2022.12.23-02:58:24.17 <debug> [xutils] just another debug message[0m
[36m2022.12.23-02:58:24.17 <trace> [xutils] [xlog.c:87] just another trace message[0m
[31m2022.12.23-02:58:24.17 <error> [xutils] [xlog.c:91] Message from failed assert[0m
[34m<debug> [xutils] Debug message with char argument: test string[0m
[31m<error> [xutils] Error message with int argument: 69[0m
[34m2022.12.23-02:58:57.40 <debug> [xutils] Debug message in the file with int argument: 69[0m
2022.12.23-02:58:57.41         [xutils] Message without tag and with int argument: 69[0m
2022.12.23-02:58:57.41         [xutils] just another simple message[0m
[34m2022.12.23-02:58:57.41 <debug> [xutils] just another debug message[0m
[36m2022.12.23-02:58:57.41 <trace> [xutils] [xlog.c:87] just another trace message[0m
[34m<debug> [xutils] Debug message with char argument: test string[0m
[31m<error> [xutils] Error message with int argument: 69[0m
[34m2022.12.23-02:59:42.46 <debug> [xutils] Debug message in the file with int argument: 69[0m
2022.12.23-02:59:42.47         [xutils] Message without tag and with int argument: 69[0m
2022.12.23-02:59:42.47         [xutils] just another simple message[0m
[34m2022.12.23-02:59:42.47 <debug> [xutils] just another debug message[0m
[36m2022.12.23-02:59:42.47 <trace> [xutils] [xlog.c:87] just another trace message[0m
[31m2022.12.23-02:59:42.47 <error> [xutils] [xlog.c:91] [0m
[34m<debug> [xutils] Debug message with char argument: test string[0m
[31m<error> [xutils] Error message with int argument: 69[0m
[34m2022.12.23-02:59:52.83 <debug> [xutils] Debug message in the file with int argument: 69[0m
2022.12.23-02:59:52.84         [xutils] Message without tag and with int argument: 69[0m
2022.12.23-02:59:52.84         [xutils] just another simple message[0m
[34m2022.12.23-02:59:52.84 <debug> [xutils] just another debug message[0m
[36m2022.12.23-02:59:52.84 <trace> [xutils] [xlog.c:87] just another trace message[0m
[31m2022.12.23-02:59:52.84 <error> [xutils] [xlog.c:91] [0m
[34m<debug> [xutils] Debug message with char argument: test string[0m
[31m<error> [xutils] Error message with int argument: 69[0m
[34m2022.12.23-03:00:35.29 <debug> [xutils] Debug message in the file with int argument: 69[0m
2022.12.23-03:00:35.30         [xutils] Message without tag and with int argument: 69[0m
2022.12.23-03:00:35.30         [xutils] just another simple message[0m
[34m2022.12.23-03:00:35.30 <debug> [xutils] just another debug message[0m
[36m2022.12.23-03:00:35.30 <trace> [xutils] [xlog.c:87] just another trace message[0m
[31m2022.12.23-03:00:35.30 <error> [xutils] [xlog.c:91] [0m
[34m<debug> [xutils] Debug message with char argument: test string[0m
[31m<error> [xutils] Error message with int argument: 69[0m
[34m2022.12.23-03:01:06.14 <debug> [xutils] Debug message in the file with int argument: 69[0m
2022.12.23-03:01:06.14         [xutils] Message without tag and with int argument: 69[0m
2022.12.23-03:01:06.15         [xutils] just another simple message[0m
[34m2022.12.23-03:01:06.15 <debug> [xutils] just another debug message[0m
[36m2022.12.23-03:01:06.15 <trace> [xutils] [xlog.c:87] just another trace message[0m
[31m2022.12.23-03:01:06.15 <error> [xutils] [xlog.c:91] Assert failed[0m
[34m<debug> [xutils] Debug message with char argument: test string[0m
[31m<error> [xutils] Error message with int argument: 69[0m
[34m2022.12.23-03:01:44.67 <debug> [xutils] Debug message in the file with int argument: 69[0m
2022.12.23-03:01:44.67         [xutils] Message without tag and with int argument: 69[0m
2022.12.23-03:01:44.68         [xutils] just another simple message[0m
[34m2022.12.23-03:01:44.68 <debug> [xutils] just another debug message[0m
[36m2022.12.23-03:01:44.68 <trace> [xutils] [xlog.c:87] just another trace message[0m
[31m2022.12.23-03:01:44.68 <error> [xutils] [xlog.c:91] Assert failed[0m
[34m<debug> [xutils] Debug message with char argument: test string[0m
[31m<error> [xutils] Error message with int argument: 69[0m
[34m2022.12.23-03:03:50.62 <debug> [xutils] Debug message in the file with int argument: 69[0m
2022.12.23-03:03:50.62         [xutils] Message without tag and with int argument: 69[0m
2022.12.23-03:03:50.63         [xutils] just another simple message[0m
[34m2022.12.23-03:03:50.63 <debug> [xutils] just another debug message[0m
[36m2022.12.23-03:03:50.63 <trace> [xutils] [xlog.c:87] just another trace message[0m
[31m2022.12.23-03:03:50.63 <error> [xutils] [xlog.c:91] Assert failed[0m
[34m<debug> [xutils] Debug message with char argument: test string[0m
[31m<error> [xutils] Error message with int argument: 69[0m
[34m2022.12.23-03:04:05.06 <debug> [xutils] Debug message in the file with int argument: 69[0m
2022.12.23-03:04:05.07         [xutils] Message without tag and with int argument: 69[0m
2022.12.23-03:04:05.07         [xutils] just another simple message[0m
[34m2022.12.23-03:04:05.07 <debug> [xutils] just another debug message[0m
[36m2022.12.23-03:04:05.07 <trace> [xutils] [xlog.c:87] just another trace message[0m
[31m2022.12.23-03:04:05.07 <error> [xutils] Message from failed assert[0m
[34m<debug> [xutils] Debug message with char argument: test string[0m
[31m<error> [xutils] Error message with int argument: 69[0m
[34m2022.12.23-03:04:16.82 <debug> [xutils] Debug message in the file with int argument: 69[0m
2022.12.23-03:04:16.83         [xutils] Message without tag and with int argument: 69[0m
2022.12.23-03:04:16.83         [xutils] just another simple message[0m
[34m2022.12.23-03:04:16.83 <debug> [xutils] just another debug message[0m
[36m2022.12.23-03:04:16.83 <trace> [xutils] [xlog.c:87] just another trace message[0m
[33m2022.12.23-03:04:16.83 <warn>  [xutils] sdfg[0m
[34m<debug> [xutils] Debug message with char argument: test string[0m
[31m<error> [xutils] Error message with int argument: 69[0m
[34m2022.12.23-03:04:28.01 <debug> [xutils] Debug message in the file with int argument: 69[0m
2022.12.23-03:04:28.02         [xutils] Message without tag and with int argument: 69[0m
2022.12.23-03:04:28.02         [xutils] just another simple message[0m
[34m2022.12.23-03:04:28.02 <debug> [xutils] just another debug message[0m
[36m2022.12.23-03:04:28.02 <trace> [xutils] [xlog.c:87] just another trace message[0m
[31m2022.12.23-03:04:28.02 <error> [xutils] Message from failed assert[0m
